<?xml version="1.0" encoding="UTF-8"?>
<!-- Generated by org.testng.reporters.JUnitReportReporter -->
<testsuite hostname="VIGNESHRAJIV" failures="0" tests="1" name="vtiger.Practice.POMPractice" time="87.615" errors="0" timestamp="2022-08-29T12:01:21 IST" skipped="0">
  <testcase classname="vtiger.Practice.POMPractice" name="pomPracTest" time="87.615"/>
  <system-out/>
</testsuite> <!-- vtiger.Practice.POMPractice -->
