<?xml version="1.0" encoding="UTF-8"?>
<!-- Generated by org.testng.reporters.JUnitReportReporter -->
<testsuite hostname="VIGNESHRAJIV" failures="0" tests="1" name="vtiger.OrgonizationTests.CreateOrgonizationTest" time="69.203" errors="0" timestamp="2022-09-17T10:47:41 IST" skipped="0">
  <testcase classname="vtiger.OrgonizationTests.CreateOrgonizationTest" name="createOrgonizationTest" time="69.203"/>
  <system-out>
    <![CDATA[Organization link clicked
New Organization created]]>
  </system-out>
</testsuite> <!-- vtiger.OrgonizationTests.CreateOrgonizationTest -->
