<?xml version="1.0" encoding="UTF-8"?>
<!-- Generated by org.testng.reporters.JUnitReportReporter -->
<testsuite hostname="VIGNESHRAJIV" failures="0" tests="1" name="vtiger.ContactTests.CreateContactWithOrgonizationTest" time="104.572" errors="0" timestamp="2022-09-17T09:56:17 IST" skipped="0">
  <testcase classname="vtiger.ContactTests.CreateContactWithOrgonizationTest" name="createContactWithOrgTest" time="104.572"/>
  <system-out>
    <![CDATA[Organization link clicked
New Organization created
Contacts link clicked
create Contact Look Up image clicked
new contact with organization created]]>
  </system-out>
</testsuite> <!-- vtiger.ContactTests.CreateContactWithOrgonizationTest -->
