<?xml version="1.0" encoding="UTF-8"?>
<!-- Generated by org.testng.reporters.JUnitReportReporter -->
<testsuite hostname="VIGNESHRAJIV" failures="0" tests="1" name="vtiger.ContactTests.CreateContactTest" time="67.174" errors="0" timestamp="2022-09-17T09:58:49 IST" skipped="0">
  <testcase classname="vtiger.ContactTests.CreateContactTest" name="createContactTest" time="67.174"/>
  <system-out>
    <![CDATA[Contact link clicked
New Contact created]]>
  </system-out>
</testsuite> <!-- vtiger.ContactTests.CreateContactTest -->
