<?xml version="1.0" encoding="UTF-8"?>
<!-- Generated by org.testng.reporters.JUnitReportReporter -->
<testsuite hostname="VIGNESHRAJIV" failures="0" tests="2" name="vtiger.Practice.TestNGPracticeTest" time="0.032" errors="0" timestamp="2022-08-29T11:47:21 IST" skipped="0">
  <testcase classname="vtiger.Practice.TestNGPracticeTest" name="testNGPracticeTest1" time="0.022"/>
  <system-out/>
  <testcase classname="vtiger.Practice.TestNGPracticeTest" name="testNGPracticeTest2" time="0.010"/>
  <system-out/>
</testsuite> <!-- vtiger.Practice.TestNGPracticeTest -->
