<?xml version="1.0" encoding="UTF-8"?>
<!-- Generated by org.testng.reporters.JUnitReportReporter -->
<testsuite hostname="VIGNESHRAJIV" failures="0" tests="4" name="vtiger.OrgonizationTests.CreateMultipleOrgWithIndustryTest" time="182.996" errors="0" timestamp="2022-09-17T10:52:33 IST" skipped="0">
  <testcase classname="vtiger.OrgonizationTests.CreateMultipleOrgWithIndustryTest" name="createOrgonizationTest" time="47.957"/>
  <system-out>
    <![CDATA[Organization link clicked
New Organization created]]>
  </system-out>
  <testcase classname="vtiger.OrgonizationTests.CreateMultipleOrgWithIndustryTest" name="createOrgonizationTest" time="49.301"/>
  <system-out>
    <![CDATA[Organization link clicked
New Organization created]]>
  </system-out>
  <testcase classname="vtiger.OrgonizationTests.CreateMultipleOrgWithIndustryTest" name="createOrgonizationTest" time="43.008"/>
  <system-out>
    <![CDATA[Organization link clicked
New Organization created]]>
  </system-out>
  <testcase classname="vtiger.OrgonizationTests.CreateMultipleOrgWithIndustryTest" name="createOrgonizationTest" time="42.730"/>
  <system-out>
    <![CDATA[Organization link clicked
New Organization created]]>
  </system-out>
</testsuite> <!-- vtiger.OrgonizationTests.CreateMultipleOrgWithIndustryTest -->
