<?xml version="1.0" encoding="UTF-8"?>
<!-- Generated by org.testng.reporters.JUnitReportReporter -->
<testsuite hostname="VIGNESHRAJIV" failures="0" tests="6" name="vtiger.Practice.DataProviderPractice" time="0.106" errors="0" timestamp="2022-09-01T09:08:18 IST" skipped="0">
  <testcase classname="vtiger.Practice.DataProviderPractice" name="addProductToCartTest" time="0.045"/>
  <system-out/>
  <testcase classname="vtiger.Practice.DataProviderPractice" name="addProductToCartTest" time="0.006"/>
  <system-out/>
  <testcase classname="vtiger.Practice.DataProviderPractice" name="addProductToCartTest" time="0.012"/>
  <system-out/>
  <testcase classname="vtiger.Practice.DataProviderPractice" name="addProductToCartTest" time="0.006"/>
  <system-out/>
  <testcase classname="vtiger.Practice.DataProviderPractice" name="addProductToCartTest" time="0.021"/>
  <system-out/>
  <testcase classname="vtiger.Practice.DataProviderPractice" name="addProductToCartTest" time="0.016"/>
  <system-out/>
</testsuite> <!-- vtiger.Practice.DataProviderPractice -->
